<?xml version="1.0" encoding="utf-8"?><testsuites><testsuite name="pytest" errors="0" failures="0" skipped="0" tests="6" time="0.172" timestamp="2025-12-07T15:23:31.621604+03:00" hostname="10.215.205.42-vpn.dhcp.yndx.net"><testcase classname="tests.test_login" name="test_login_should_not_allow_sql_injection" time="0.002" /><testcase classname="tests.test_login" name="test_login_wrong_password_should_fail" time="0.001" /><testcase classname="tests.test_search" name="test_search_should_not_return_all_on_injection" time="0.002" /><testcase classname="tests.test_search" name="test_search_handles_special_characters_without_crashing" time="0.001" /><testcase classname="tests.test_xss_escaping" name="test_echo_should_escape_script_tags" time="0.002" /><testcase classname="tests.test_xss_escaping" name="test_index_should_escape_html_tags" time="0.001" /></testsuite></testsuites>